2016-12-15 11:38:35 INFO  Scenario_Cart:83 - Executing the Testcase GB_08 Order is  1.0
2016-12-15 11:39:27 INFO  Scenario_Cart:111 - Passed as Actual Result is  There are no items in your basket. Expected Result is There are no items in your basket.
2016-12-15 11:39:30 INFO  Scenario_Search:27 - Executing the TC_ID  GB_01 order is 1.0
2016-12-15 12:00:21 INFO  Scenario_Cart:83 - Executing the Testcase GB_08 Order is  1.0
2016-12-15 12:01:10 INFO  Scenario_Cart:111 - Passed as Actual Result is  There are no items in your basket. Expected Result is There are no items in your basket.
2016-12-15 12:01:24 INFO  Scenario_Search:27 - Executing the TC_ID  GB_01 order is 1.0
2016-12-15 12:09:00 INFO  Scenario_Cart:83 - Executing the Testcase GB_08 Order is  1.0
2016-12-15 12:09:52 INFO  Scenario_Cart:111 - Passed as Actual Result is  There are no items in your basket. Expected Result is There are no items in your basket.
2016-12-15 12:10:07 INFO  Scenario_Search:27 - Executing the TC_ID  GB_01 order is 1.0
2016-12-15 12:14:00 INFO  Scenario_Cart:32 - Executing the Testcase GB_05 Order is  1.0
2016-12-15 12:15:05 INFO  Scenario_Cart:83 - Executing the Testcase GB_08 Order is  1.0
2016-12-15 12:15:17 INFO  Scenario_Search:27 - Executing the TC_ID  GB_01 order is 1.0
2016-12-15 12:16:08 INFO  Scenario_Cart:32 - Executing the Testcase GB_05 Order is  1.0
2016-12-15 12:16:51 INFO  Scenario_Cart:56 - Passed as Actual Result is  Raw Mango - Diced Expected Result is Raw Mango - Diced
2016-12-15 12:17:02 INFO  Scenario_Cart:83 - Executing the Testcase GB_08 Order is  1.0
2016-12-15 12:17:14 INFO  Scenario_Search:27 - Executing the TC_ID  GB_01 order is 1.0
2016-12-15 12:18:25 INFO  Scenario_Cart:83 - Executing the Testcase GB_08 Order is  1.0
2016-12-15 12:19:10 INFO  Scenario_Cart:111 - Passed as Actual Result is  There are no items in your basket. Expected Result is There are no items in your basket.
2016-12-15 12:19:25 INFO  Scenario_Search:27 - Executing the TC_ID  GB_01 order is 1.0
2016-12-15 12:28:09 INFO  Scenario_Cart:85 - Executing the Testcase GB_08 Order is  1.0
2016-12-15 12:29:01 INFO  Scenario_Cart:113 - Passed as Actual Result is  There are no items in your basket. Expected Result is There are no items in your basket.
2016-12-15 12:29:08 INFO  Scenario_Search:27 - Executing the TC_ID  GB_01 order is 1.0
2016-12-15 12:31:41 INFO  Scenario_Cart:85 - Executing the Testcase GB_08 Order is  1.0
2016-12-15 12:32:28 INFO  Scenario_Cart:113 - Passed as Actual Result is  There are no items in your basket. Expected Result is There are no items in your basket.
2016-12-15 12:32:43 INFO  Scenario_Search:27 - Executing the TC_ID  GB_01 order is 1.0
2016-12-15 12:35:30 INFO  Scenario_Cart:85 - Executing the Testcase GB_08 Order is  1.0
2016-12-15 12:36:17 INFO  Scenario_Cart:113 - Passed as Actual Result is  There are no items in your basket. Expected Result is There are no items in your basket.
2016-12-15 12:36:32 INFO  Scenario_Search:27 - Executing the TC_ID  GB_01 order is 1.0
2016-12-15 12:37:01 INFO  Scenario_Search:47 - Passed as Actual Result is  Sorry! There are no products to display.  Expected Result is Sorry! There are no products to display.
2016-12-15 13:59:50 INFO  Scenario_Cart:85 - Executing the Testcase GB_08 Order is  1.0
2016-12-15 14:00:41 INFO  Scenario_Cart:113 - Passed as Actual Result is  There are no items in your basket. Expected Result is There are no items in your basket.
2016-12-15 14:00:57 INFO  Scenario_Search:27 - Executing the TC_ID  GB_01 order is 1.0
2016-12-15 14:08:37 INFO  Scenario_Cart:85 - Executing the Testcase GB_08 Order is  1.0
2016-12-15 14:09:33 INFO  Scenario_Cart:113 - Passed as Actual Result is  There are no items in your basket. Expected Result is There are no items in your basket.
2016-12-15 14:09:48 INFO  Scenario_Search:30 - Executing the TC_ID  GB_01 order is 1.0
2016-12-15 14:44:39 INFO  Scenario_Cart:85 - Executing the Testcase GB_08 Order is  1.0
2016-12-15 14:45:27 INFO  Scenario_Cart:113 - Passed as Actual Result is  There are no items in your basket. Expected Result is There are no items in your basket.
2016-12-15 14:45:42 INFO  Scenario_Search:30 - Executing the TC_ID  GB_01 order is 1.0
2016-12-15 14:48:56 INFO  Scenario_Cart:85 - Executing the Testcase GB_08 Order is  1.0
2016-12-15 14:49:48 INFO  Scenario_Cart:113 - Passed as Actual Result is  There are no items in your basket. Expected Result is There are no items in your basket.
2016-12-15 14:50:03 INFO  Scenario_Search:30 - Executing the TC_ID  GB_01 order is 1.0
2016-12-15 14:50:28 INFO  Scenario_Search:50 - Passed as Actual Result is  Sorry! There are no products to display.  Expected Result is Sorry! There are no products to display.
2016-12-15 14:50:41 INFO  Scenario_Search:80 - Executing the TC_ID  GB_04 order is 1.0
2016-12-15 14:51:07 INFO  Scenario_Search:108 - Failed as Actual Result is  3  Expected Result is 4
2016-12-15 14:53:51 INFO  Scenario_Cart:85 - Executing the Testcase GB_08 Order is  1.0
2016-12-15 14:54:42 INFO  Scenario_Cart:113 - Passed as Actual Result is  There are no items in your basket. Expected Result is There are no items in your basket.
2016-12-15 14:54:58 INFO  Scenario_Search:30 - Executing the TC_ID  GB_01 order is 1.0
2016-12-15 14:55:23 INFO  Scenario_Search:50 - Passed as Actual Result is  Sorry! There are no products to display.  Expected Result is Sorry! There are no products to display.
2016-12-15 14:55:36 INFO  Scenario_Search:80 - Executing the TC_ID  GB_04 order is 1.0
2016-12-15 14:56:11 INFO  Scenario_Search:108 - Failed as Actual Result is  3  Expected Result is 4
2016-12-15 15:02:01 INFO  Scenario_Cart:85 - Executing the Testcase GB_08 Order is  1.0
2016-12-15 15:02:59 INFO  Scenario_Cart:113 - Passed as Actual Result is  There are no items in your basket. Expected Result is There are no items in your basket.
2016-12-15 15:03:14 INFO  Scenario_Search:30 - Executing the TC_ID  GB_01 order is 1.0
2016-12-15 15:03:38 INFO  Scenario_Search:50 - Passed as Actual Result is  Sorry! There are no products to display.  Expected Result is Sorry! There are no products to display.
2016-12-15 15:03:51 INFO  Scenario_Search:80 - Executing the TC_ID  GB_04 order is 1.0
2016-12-15 15:04:25 INFO  Scenario_Search:108 - Failed as Actual Result is  3  Expected Result is 4
2016-12-15 15:19:07 INFO  Scenario_Cart:87 - Executing the Testcase GB_08 Order is  1.0
2016-12-15 15:19:53 INFO  Scenario_Cart:115 - Passed as Actual Result is  There are no items in your basket. Expected Result is There are no items in your basket.
2016-12-15 15:20:08 INFO  Scenario_Search:31 - Executing the TC_ID  GB_01 order is 1.0
2016-12-15 15:20:32 INFO  Scenario_Search:51 - Passed as Actual Result is  Sorry! There are no products to display.  Expected Result is Sorry! There are no products to display.
2016-12-15 15:20:45 INFO  Scenario_Search:31 - Executing the TC_ID  GB_01 order is 2.0
2016-12-15 15:21:19 INFO  Scenario_Search:51 - Passed as Actual Result is  Sorry! There are no products to display.  Expected Result is Sorry! There are no products to display.
2016-12-15 15:21:33 INFO  Scenario_Search:83 - Executing the TC_ID  GB_02 order is 1.0
2016-12-15 15:22:09 INFO  Scenario_Search:111 - Failed as Actual Result is  193  Expected Result is 191
2016-12-15 15:22:23 INFO  Scenario_Search:83 - Executing the TC_ID  GB_03 order is 1.0
2016-12-15 15:22:54 INFO  Scenario_Search:111 - Failed as Actual Result is  336  Expected Result is 428
2016-12-15 15:23:08 INFO  Scenario_Search:83 - Executing the TC_ID  GB_04 order is 1.0
2016-12-15 15:23:38 INFO  Scenario_Search:111 - Failed as Actual Result is  3  Expected Result is 4
